Build started 6/15/2014 11:56:05 PM.
     1>Project "C:\Users\sngv\Documents\Dropbox\Term3_2\Graphics\assignemt\graphics\graphics.vcxproj" on node 2 (Build target(s)).
     1>ClCompile:
         C:\Program Files (x86)\Microsoft Visual Studio 11.0\VC\bin\CL.exe /c /ZI /nologo /W3 /WX- /sdl /Od /Oy- /D WIN32 /D _DEBUG /D _WINDOWS /D _UNICODE /D UNICODE /Gm /EHsc /RTC1 /MDd /GS /fp:precise /Zc:wchar_t /Zc:forScope /Yc"stdafx.h" /Fp"Debug\graphics.pch" /Fo"Debug\\" /Fd"Debug\vc110.pdb" /Gd /TP /analyze- /errorReport:prompt stdafx.cpp
         stdafx.cpp
         C:\Program Files (x86)\Microsoft Visual Studio 11.0\VC\bin\CL.exe /c /ZI /nologo /W3 /WX- /sdl /Od /Oy- /D WIN32 /D _DEBUG /D _WINDOWS /D _UNICODE /D UNICODE /Gm /EHsc /RTC1 /MDd /GS /fp:precise /Zc:wchar_t /Zc:forScope /Yu"stdafx.h" /Fp"Debug\graphics.pch" /Fo"Debug\\" /Fd"Debug\vc110.pdb" /Gd /TP /analyze- /errorReport:prompt Draw.cpp graphics.cpp
         graphics.cpp
     1>c:\users\sngv\documents\dropbox\term3_2\graphics\assignemt\graphics\graphics.cpp(3): warning C4627: '#include "graphics.h"': skipped when looking for precompiled header use
                 Add directive to 'stdafx.h' or rebuild precompiled header
     1>c:\users\sngv\documents\dropbox\term3_2\graphics\assignemt\graphics\graphics.cpp(4): warning C4627: '#include <shlobj.h>': skipped when looking for precompiled header use
                 Add directive to 'stdafx.h' or rebuild precompiled header
     1>c:\users\sngv\documents\dropbox\term3_2\graphics\assignemt\graphics\graphics.cpp(6): warning C4627: '#include <stdio.h>': skipped when looking for precompiled header use
                 Add directive to 'stdafx.h' or rebuild precompiled header
     1>c:\users\sngv\documents\dropbox\term3_2\graphics\assignemt\graphics\graphics.cpp(192): warning C4244: 'argument' : conversion from 'double' to 'int', possible loss of data
     1>c:\users\sngv\documents\dropbox\term3_2\graphics\assignemt\graphics\graphics.cpp(194): warning C4244: 'argument' : conversion from 'double' to 'int', possible loss of data
     1>c:\users\sngv\documents\dropbox\term3_2\graphics\assignemt\graphics\graphics.cpp(196): warning C4244: 'argument' : conversion from 'double' to 'int', possible loss of data
     1>c:\users\sngv\documents\dropbox\term3_2\graphics\assignemt\graphics\graphics.cpp(198): warning C4244: 'argument' : conversion from 'double' to 'int', possible loss of data
     1>c:\users\sngv\documents\dropbox\term3_2\graphics\assignemt\graphics\graphics.cpp(210): warning C4244: 'argument' : conversion from 'double' to 'int', possible loss of data
     1>c:\users\sngv\documents\dropbox\term3_2\graphics\assignemt\graphics\graphics.cpp(212): warning C4244: 'argument' : conversion from 'double' to 'int', possible loss of data
     1>c:\users\sngv\documents\dropbox\term3_2\graphics\assignemt\graphics\graphics.cpp(214): warning C4244: 'argument' : conversion from 'double' to 'int', possible loss of data
     1>c:\users\sngv\documents\dropbox\term3_2\graphics\assignemt\graphics\graphics.cpp(216): warning C4244: 'argument' : conversion from 'double' to 'int', possible loss of data
     1>c:\users\sngv\documents\dropbox\term3_2\graphics\assignemt\graphics\graphics.cpp(227): warning C4244: 'argument' : conversion from 'double' to 'int', possible loss of data
     1>c:\users\sngv\documents\dropbox\term3_2\graphics\assignemt\graphics\graphics.cpp(229): warning C4244: 'argument' : conversion from 'double' to 'int', possible loss of data
     1>c:\users\sngv\documents\dropbox\term3_2\graphics\assignemt\graphics\graphics.cpp(231): warning C4244: 'argument' : conversion from 'double' to 'int', possible loss of data
     1>c:\users\sngv\documents\dropbox\term3_2\graphics\assignemt\graphics\graphics.cpp(233): warning C4244: 'argument' : conversion from 'double' to 'int', possible loss of data
     1>c:\users\sngv\documents\dropbox\term3_2\graphics\assignemt\graphics\graphics.cpp(240): warning C4244: 'argument' : conversion from 'double' to 'int', possible loss of data
     1>c:\users\sngv\documents\dropbox\term3_2\graphics\assignemt\graphics\graphics.cpp(242): warning C4244: 'argument' : conversion from 'double' to 'int', possible loss of data
     1>c:\users\sngv\documents\dropbox\term3_2\graphics\assignemt\graphics\graphics.cpp(244): warning C4244: 'argument' : conversion from 'double' to 'int', possible loss of data
     1>c:\users\sngv\documents\dropbox\term3_2\graphics\assignemt\graphics\graphics.cpp(246): warning C4244: 'argument' : conversion from 'double' to 'int', possible loss of data
         Draw.cpp
     1>c:\users\sngv\documents\dropbox\term3_2\graphics\assignemt\graphics\draw.cpp(40): warning C4244: 'initializing' : conversion from 'double' to 'int', possible loss of data
     1>c:\users\sngv\documents\dropbox\term3_2\graphics\assignemt\graphics\draw.cpp(50): warning C4244: 'argument' : conversion from 'double' to 'int', possible loss of data
     1>c:\users\sngv\documents\dropbox\term3_2\graphics\assignemt\graphics\draw.cpp(55): warning C4244: 'argument' : conversion from 'double' to 'int', possible loss of data
     1>c:\users\sngv\documents\dropbox\term3_2\graphics\assignemt\graphics\draw.cpp(77): warning C4244: '+=' : conversion from 'float' to 'int', possible loss of data
     1>c:\users\sngv\documents\dropbox\term3_2\graphics\assignemt\graphics\draw.cpp(89): warning C4244: '+=' : conversion from 'float' to 'int', possible loss of data
         Generating Code...
       ResourceCompile:
         C:\Program Files (x86)\Windows Kits\8.0\bin\x86\rc.exe /D _UNICODE /D UNICODE /l"0x0409" /nologo /fo"Debug\graphics.res" graphics.rc 
       Link:
         C:\Program Files (x86)\Microsoft Visual Studio 11.0\VC\bin\link.exe /ERRORREPORT:PROMPT /OUT:"C:\Users\sngv\Documents\Dropbox\Term3_2\Graphics\assignemt\graphics\Debug\graphics.exe" /INCREMENTAL /NOLOGO kernel32.lib user32.lib gdi32.lib winspool.lib comdlg32.lib advapi32.lib shell32.lib ole32.lib oleaut32.lib uuid.lib odbc32.lib odbccp32.lib /MANIFEST /MANIFESTUAC:"level='asInvoker' uiAccess='false'" /manifest:embed /DEBUG /PDB:"C:\Users\sngv\Documents\Dropbox\Term3_2\Graphics\assignemt\graphics\Debug\graphics.pdb" /SUBSYSTEM:WINDOWS /TLBID:1 /DYNAMICBASE /NXCOMPAT /IMPLIB:"C:\Users\sngv\Documents\Dropbox\Term3_2\Graphics\assignemt\graphics\Debug\graphics.lib" /MACHINE:X86 Debug\graphics.res
         Debug\Draw.obj
         Debug\graphics.obj
         Debug\stdafx.obj
         graphics.vcxproj -> C:\Users\sngv\Documents\Dropbox\Term3_2\Graphics\assignemt\graphics\Debug\graphics.exe
     1>Done Building Project "C:\Users\sngv\Documents\Dropbox\Term3_2\Graphics\assignemt\graphics\graphics.vcxproj" (Build target(s)).

Build succeeded.

Time Elapsed 00:00:23.65
